{"level":"info","message":"Listening on port 3900...","timestamp":"2018-07-25T19:02:18.260Z"}
{"level":"info","message":"Connected to mongodb://localhost/vidly...","timestamp":"2018-07-25T19:02:18.281Z"}
{"level":"info","message":"Listening on port 3900...","timestamp":"2018-07-25T19:09:55.035Z"}
{"level":"info","message":"Connected to mongodb://localhost/vidly...","timestamp":"2018-07-25T19:09:55.055Z"}
{"message":"Cannot read property 'isAdmin' of undefined","stack":"TypeError: Cannot read property 'isAdmin' of undefined\n    at module.exports (/Users/moshfeghhamedani/Dropbox/Courses/React/Demo/vidly-api-node/middleware/admin.js:8:17)\n    at /Users/moshfeghhamedani/Dropbox/Courses/React/Demo/vidly-api-node/node_modules/express-async-errors/index.js:17:17\n    at Layer.handle [as handle_request] (/Users/moshfeghhamedani/Dropbox/Courses/React/Demo/vidly-api-node/node_modules/express/lib/router/layer.js:95:5)\n    at next (/Users/moshfeghhamedani/Dropbox/Courses/React/Demo/vidly-api-node/node_modules/express/lib/router/route.js:137:13)\n    at module.exports (/Users/moshfeghhamedani/Dropbox/Courses/React/Demo/vidly-api-node/middleware/auth.js:5:36)\n    at /Users/moshfeghhamedani/Dropbox/Courses/React/Demo/vidly-api-node/node_modules/express-async-errors/index.js:17:17\n    at Layer.handle [as handle_request] (/Users/moshfeghhamedani/Dropbox/Courses/React/Demo/vidly-api-node/node_modules/express/lib/router/layer.js:95:5)\n    at next (/Users/moshfeghhamedani/Dropbox/Courses/React/Demo/vidly-api-node/node_modules/express/lib/router/route.js:137:13)\n    at Route.dispatch (/Users/moshfeghhamedani/Dropbox/Courses/React/Demo/vidly-api-node/node_modules/express/lib/router/route.js:112:3)\n    at /Users/moshfeghhamedani/Dropbox/Courses/React/Demo/vidly-api-node/node_modules/express-async-errors/index.js:17:17\n    at Layer.handle [as handle_request] (/Users/moshfeghhamedani/Dropbox/Courses/React/Demo/vidly-api-node/node_modules/express/lib/router/layer.js:95:5)\n    at /Users/moshfeghhamedani/Dropbox/Courses/React/Demo/vidly-api-node/node_modules/express/lib/router/index.js:281:22\n    at Function.process_params (/Users/moshfeghhamedani/Dropbox/Courses/React/Demo/vidly-api-node/node_modules/express/lib/router/index.js:335:12)\n    at next (/Users/moshfeghhamedani/Dropbox/Courses/React/Demo/vidly-api-node/node_modules/express/lib/router/index.js:275:10)\n    at Function.handle (/Users/moshfeghhamedani/Dropbox/Courses/React/Demo/vidly-api-node/node_modules/express/lib/router/index.js:174:3)\n    at router (/Users/moshfeghhamedani/Dropbox/Courses/React/Demo/vidly-api-node/node_modules/express/lib/router/index.js:47:12)","level":"error","timestamp":"2018-07-25T19:11:08.638Z"}
{"level":"info","message":"Listening on port 3900...","timestamp":"2018-07-25T19:11:36.087Z"}
{"level":"info","message":"Connected to mongodb://localhost/vidly...","timestamp":"2018-07-25T19:11:36.108Z"}
{"level":"info","message":"Listening on port 3900...","timestamp":"2018-07-25T19:11:40.247Z"}
{"level":"info","message":"Connected to mongodb://localhost/vidly...","timestamp":"2018-07-25T19:11:40.267Z"}
{"level":"info","message":"Listening on port 3900...","timestamp":"2018-07-25T19:11:52.261Z"}
{"level":"info","message":"Connected to mongodb://localhost/vidly...","timestamp":"2018-07-25T19:11:52.282Z"}
{"level":"info","message":"Listening on port 3900...","timestamp":"2020-09-20T08:12:14.069Z"}
{"level":"info","message":"Connected to mongodb://localhost/vidly...","timestamp":"2020-09-20T08:12:16.152Z"}
{"message":"Unexpected token g in JSON at position 72","stack":"SyntaxError: Unexpected token g in JSON at position 72\n    at JSON.parse (<anonymous>)\n    at parse (E:\\React New\\vidly-api-node\\node_modules\\body-parser\\lib\\types\\json.js:89:19)\n    at E:\\React New\\vidly-api-node\\node_modules\\body-parser\\lib\\read.js:121:18\n    at invokeCallback (E:\\React New\\vidly-api-node\\node_modules\\raw-body\\index.js:224:16)\n    at done (E:\\React New\\vidly-api-node\\node_modules\\raw-body\\index.js:213:7)\n    at IncomingMessage.onEnd (E:\\React New\\vidly-api-node\\node_modules\\raw-body\\index.js:273:7)\n    at IncomingMessage.emit (events.js:327:22)\n    at endReadableNT (_stream_readable.js:1221:12)\n    at processTicksAndRejections (internal/process/task_queues.js:84:21)","expose":true,"statusCode":400,"status":400,"body":"{\n\t\"title\": \"A new movie\",\n\t\"numberInStock\": 1,\n\t\"dailyRentalRate\": 2,\n\tgenreId : \"5f670d528e467324783a44d3\",\n\t\n}","type":"entity.parse.failed","level":"error","timestamp":"2020-09-20T09:50:31.555Z"}
{"message":"Unexpected token } in JSON at position 114","stack":"SyntaxError: Unexpected token } in JSON at position 114\n    at JSON.parse (<anonymous>)\n    at parse (E:\\React New\\vidly-api-node\\node_modules\\body-parser\\lib\\types\\json.js:89:19)\n    at E:\\React New\\vidly-api-node\\node_modules\\body-parser\\lib\\read.js:121:18\n    at invokeCallback (E:\\React New\\vidly-api-node\\node_modules\\raw-body\\index.js:224:16)\n    at done (E:\\React New\\vidly-api-node\\node_modules\\raw-body\\index.js:213:7)\n    at IncomingMessage.onEnd (E:\\React New\\vidly-api-node\\node_modules\\raw-body\\index.js:273:7)\n    at IncomingMessage.emit (events.js:327:22)\n    at endReadableNT (_stream_readable.js:1221:12)\n    at processTicksAndRejections (internal/process/task_queues.js:84:21)","expose":true,"statusCode":400,"status":400,"body":"{\n\t\"title\": \"A new movie\",\n\t\"numberInStock\": 1,\n\t\"dailyRentalRate\": 2,\n\t\"genreId\" : \"5f670d528e467324783a44d3\",\n\t\n}","type":"entity.parse.failed","level":"error","timestamp":"2020-09-20T09:50:49.376Z"}
{"message":"Unexpected token } in JSON at position 114","stack":"SyntaxError: Unexpected token } in JSON at position 114\n    at JSON.parse (<anonymous>)\n    at parse (E:\\React New\\vidly-api-node\\node_modules\\body-parser\\lib\\types\\json.js:89:19)\n    at E:\\React New\\vidly-api-node\\node_modules\\body-parser\\lib\\read.js:121:18\n    at invokeCallback (E:\\React New\\vidly-api-node\\node_modules\\raw-body\\index.js:224:16)\n    at done (E:\\React New\\vidly-api-node\\node_modules\\raw-body\\index.js:213:7)\n    at IncomingMessage.onEnd (E:\\React New\\vidly-api-node\\node_modules\\raw-body\\index.js:273:7)\n    at IncomingMessage.emit (events.js:327:22)\n    at endReadableNT (_stream_readable.js:1221:12)\n    at processTicksAndRejections (internal/process/task_queues.js:84:21)","expose":true,"statusCode":400,"status":400,"body":"{\n\t\"title\": \"A new movie\",\n\t\"numberInStock\": 1,\n\t\"dailyRentalRate\": 2,\n\t\"genreId\" : \"5f670d528e467324783a44d3\",\n\t\n}","type":"entity.parse.failed","level":"error","timestamp":"2020-09-20T09:52:14.656Z"}
{"message":"Unexpected token } in JSON at position 114","stack":"SyntaxError: Unexpected token } in JSON at position 114\n    at JSON.parse (<anonymous>)\n    at parse (E:\\React New\\vidly-api-node\\node_modules\\body-parser\\lib\\types\\json.js:89:19)\n    at E:\\React New\\vidly-api-node\\node_modules\\body-parser\\lib\\read.js:121:18\n    at invokeCallback (E:\\React New\\vidly-api-node\\node_modules\\raw-body\\index.js:224:16)\n    at done (E:\\React New\\vidly-api-node\\node_modules\\raw-body\\index.js:213:7)\n    at IncomingMessage.onEnd (E:\\React New\\vidly-api-node\\node_modules\\raw-body\\index.js:273:7)\n    at IncomingMessage.emit (events.js:327:22)\n    at endReadableNT (_stream_readable.js:1221:12)\n    at processTicksAndRejections (internal/process/task_queues.js:84:21)","expose":true,"statusCode":400,"status":400,"body":"{\n\t\"title\": \"A new movie\",\n\t\"numberInStock\": 1,\n\t\"dailyRentalRate\": 2,\n\t\"genreId\" : \"5f670d528e467324783a44d3\",\n\t\n}","type":"entity.parse.failed","level":"error","timestamp":"2020-09-20T09:52:16.422Z"}
{"level":"info","message":"Listening on port 3900...","timestamp":"2020-09-20T09:54:20.820Z"}
{"level":"info","message":"Connected to mongodb://localhost/vidly...","timestamp":"2020-09-20T09:54:23.141Z"}
{"message":"Unexpected token } in JSON at position 114","stack":"SyntaxError: Unexpected token } in JSON at position 114\n    at JSON.parse (<anonymous>)\n    at parse (E:\\React New\\vidly-api-node\\node_modules\\body-parser\\lib\\types\\json.js:89:19)\n    at E:\\React New\\vidly-api-node\\node_modules\\body-parser\\lib\\read.js:121:18\n    at invokeCallback (E:\\React New\\vidly-api-node\\node_modules\\raw-body\\index.js:224:16)\n    at done (E:\\React New\\vidly-api-node\\node_modules\\raw-body\\index.js:213:7)\n    at IncomingMessage.onEnd (E:\\React New\\vidly-api-node\\node_modules\\raw-body\\index.js:273:7)\n    at IncomingMessage.emit (events.js:327:22)\n    at endReadableNT (_stream_readable.js:1221:12)\n    at processTicksAndRejections (internal/process/task_queues.js:84:21)","expose":true,"statusCode":400,"status":400,"body":"{\n\t\"title\": \"A new movie\",\n\t\"numberInStock\": 1,\n\t\"dailyRentalRate\": 2,\n\t\"genreId\" : \"5f670d528e467324783a44d3\",\n\t\n}","type":"entity.parse.failed","level":"error","timestamp":"2020-09-20T09:54:56.632Z"}
{"level":"info","message":"Listening on port 3900...","timestamp":"2020-09-20T09:57:54.323Z"}
{"level":"info","message":"Connected to mongodb://localhost/vidly...","timestamp":"2020-09-20T09:57:57.471Z"}
{"message":"Unexpected token } in JSON at position 112","stack":"SyntaxError: Unexpected token } in JSON at position 112\n    at JSON.parse (<anonymous>)\n    at parse (E:\\React New\\vidly-api-node\\node_modules\\body-parser\\lib\\types\\json.js:89:19)\n    at E:\\React New\\vidly-api-node\\node_modules\\body-parser\\lib\\read.js:121:18\n    at invokeCallback (E:\\React New\\vidly-api-node\\node_modules\\raw-body\\index.js:224:16)\n    at done (E:\\React New\\vidly-api-node\\node_modules\\raw-body\\index.js:213:7)\n    at IncomingMessage.onEnd (E:\\React New\\vidly-api-node\\node_modules\\raw-body\\index.js:273:7)\n    at IncomingMessage.emit (events.js:327:22)\n    at endReadableNT (_stream_readable.js:1221:12)\n    at processTicksAndRejections (internal/process/task_queues.js:84:21)","expose":true,"statusCode":400,"status":400,"body":"{\n\t\"title\": \"A new movie\",\n\t\"numberInStock\": 1,\n\t\"dailyRentalRate\": 2,\n\t\"genreId\" : \"5f670d528e467324783a44d3\",\n}","type":"entity.parse.failed","level":"error","timestamp":"2020-09-20T09:58:40.511Z"}
{"level":"info","message":"Listening on port 3900...","timestamp":"2020-09-20T14:56:55.714Z"}
{"level":"info","message":"Connected to mongodb://localhost/vidly...","timestamp":"2020-09-20T14:56:59.282Z"}
{"level":"info","message":"Listening on port 3900...","timestamp":"2020-09-20T17:03:18.068Z"}
{"level":"info","message":"Connected to mongodb://localhost/vidly...","timestamp":"2020-09-20T17:03:20.231Z"}
{"level":"info","message":"Listening on port 3900...","timestamp":"2020-09-20T17:32:31.780Z"}
{"level":"info","message":"Connected to mongodb://localhost/vidly...","timestamp":"2020-09-20T17:32:33.860Z"}
{"level":"info","message":"Listening on port 3900...","timestamp":"2020-09-20T17:36:00.395Z"}
{"level":"info","message":"Connected to mongodb://localhost/vidly...","timestamp":"2020-09-20T17:36:02.486Z"}
{"level":"info","message":"Listening on port 3900...","timestamp":"2020-09-21T10:38:51.399Z"}
{"level":"info","message":"Connected to mongodb://localhost/vidly...","timestamp":"2020-09-21T10:38:54.564Z"}
{"level":"info","message":"Listening on port 3900...","timestamp":"2020-09-21T16:34:03.997Z"}
{"level":"info","message":"Connected to mongodb://localhost/vidly...","timestamp":"2020-09-21T16:34:06.762Z"}
{"level":"info","message":"Listening on port 3900...","timestamp":"2020-09-22T08:24:44.085Z"}
{"level":"info","message":"Connected to mongodb://localhost/vidly...","timestamp":"2020-09-22T08:24:50.426Z"}
{"level":"info","message":"Listening on port 3900...","timestamp":"2020-09-22T09:50:14.417Z"}
{"level":"info","message":"Connected to mongodb://localhost/vidly...","timestamp":"2020-09-22T09:50:16.652Z"}
{"level":"info","message":"Listening on port 3900...","timestamp":"2020-09-22T09:57:21.702Z"}
{"level":"info","message":"Listening on port 3900...","timestamp":"2020-09-22T09:57:21.966Z"}
{"level":"info","message":"Connected to mongodb://localhost/vidly_tests...","timestamp":"2020-09-22T09:57:23.821Z"}
{"level":"info","message":"Connected to mongodb://localhost/vidly_tests...","timestamp":"2020-09-22T09:57:24.101Z"}
{"level":"info","message":"Connected to mongodb://localhost/vidly_tests...","timestamp":"2020-09-22T09:57:24.130Z"}
{"level":"info","message":"Listening on port 3900...","timestamp":"2020-09-22T09:57:27.007Z"}
{"level":"info","message":"Listening on port 3900...","timestamp":"2020-09-22T09:57:35.551Z"}
{"level":"info","message":"Listening on port 3900...","timestamp":"2020-09-22T09:57:35.717Z"}
{"level":"info","message":"Connected to mongodb://localhost/vidly_tests...","timestamp":"2020-09-22T09:57:37.657Z"}
{"level":"info","message":"Connected to mongodb://localhost/vidly_tests...","timestamp":"2020-09-22T09:57:37.786Z"}
{"level":"info","message":"Connected to mongodb://localhost/vidly_tests...","timestamp":"2020-09-22T09:57:37.821Z"}
{"level":"info","message":"Listening on port 3900...","timestamp":"2020-09-22T09:57:40.711Z"}
{"level":"info","message":"Listening on port 3900...","timestamp":"2020-09-22T09:58:39.363Z"}
{"level":"info","message":"Listening on port 3900...","timestamp":"2020-09-22T09:58:39.528Z"}
{"level":"info","message":"Connected to mongodb://localhost/vidly_tests...","timestamp":"2020-09-22T09:58:41.446Z"}
{"level":"info","message":"Connected to mongodb://localhost/vidly_tests...","timestamp":"2020-09-22T09:58:41.649Z"}
{"level":"info","message":"Connected to mongodb://localhost/vidly_tests...","timestamp":"2020-09-22T09:58:41.659Z"}
{"level":"info","message":"Listening on port 3900...","timestamp":"2020-09-22T09:58:44.575Z"}
{"level":"info","message":"Listening on port 3900...","timestamp":"2020-09-22T10:22:13.224Z"}
{"level":"info","message":"Connected to mongodb://localhost/vidly...","timestamp":"2020-09-22T10:22:15.412Z"}
{"level":"info","message":"Listening on port 3900...","timestamp":"2020-09-22T14:00:43.641Z"}
{"level":"info","message":"Connected to mongodb://localhost/vidly...","timestamp":"2020-09-22T14:00:46.942Z"}
{"level":"info","message":"Listening on port 3900...","timestamp":"2020-09-22T15:04:27.234Z"}
{"level":"info","message":"Connected to mongodb://localhost/vidly...","timestamp":"2020-09-22T15:04:29.890Z"}
{"level":"info","message":"Listening on port 3900...","timestamp":"2020-09-23T06:57:27.511Z"}
{"level":"info","message":"Connected to mongodb://localhost/vidly...","timestamp":"2020-09-23T06:57:31.260Z"}
